#
# There is insufficient memory for the Java Runtime Environment to continue.
# Native memory allocation (mmap) failed to map 266338304 bytes for G1 virtual space
# Possible reasons:
#   The system is out of physical RAM or swap space
#   The process is running with CompressedOops enabled, and the Java Heap may be blocking the growth of the native heap
# Possible solutions:
#   Reduce memory load on the system
#   Increase physical memory or swap space
#   Check if swap backing store is full
#   Decrease Java heap size (-Xmx/-Xms)
#   Decrease number of Java threads
#   Decrease Java thread stack sizes (-Xss)
#   Set larger code cache with -XX:ReservedCodeCacheSize=
#   JVM is running with Zero Based Compressed Oops mode in which the Java heap is
#     placed in the first 32GB address space. The Java Heap base address is the
#     maximum limit for the native heap growth. Please use -XX:HeapBaseMinAddress
#     to set the Java Heap base and to place the Java Heap above 32GB virtual address.
# This output file may be truncated or incomplete.
#
#  Out of Memory Error (./open/src/hotspot/os/windows/os_windows.cpp:3321), pid=22192, tid=55144
#
# JRE version:  (15.0.2+7) (build )
# Java VM: Java HotSpot(TM) 64-Bit Server VM (15.0.2+7-27, mixed mode, sharing, tiered, compressed oops, g1 gc, windows-amd64)
# No core dump will be written. Minidumps are not enabled by default on client versions of Windows
#

---------------  S U M M A R Y ------------

Command Line: --enable-preview -XX:+ShowCodeDetailsInExceptionMessages -Dfile.encoding=UTF-8 Main

Host: Intel(R) Core(TM) i7-10700 CPU @ 2.90GHz, 16 cores, 15G,  Windows 10 , 64 bit Build 18362 (10.0.18362.1316)
Time: Mon Feb  8 00:54:44 2021 Eastern Standard Time elapsed time: 0.011305 seconds (0d 0h 0m 0s)

---------------  T H R E A D  ---------------

Current thread (0x000001f2f23845a0):  JavaThread "Unknown thread" [_thread_in_vm, id=55144, stack(0x0000002fcb500000,0x0000002fcb600000)]

Stack: [0x0000002fcb500000,0x0000002fcb600000]
Native frames: (J=compiled Java code, j=interpreted, Vv=VM code, C=native code)
V  [jvm.dll+0x62ae9a]
V  [jvm.dll+0x7817a9]
V  [jvm.dll+0x782f03]
V  [jvm.dll+0x783563]
V  [jvm.dll+0x216325]
V  [jvm.dll+0x6281d9]
V  [jvm.dll+0x61cf55]
V  [jvm.dll+0x2cffdd]
V  [jvm.dll+0x2cfe42]
V  [jvm.dll+0x2d5e1c]
V  [jvm.dll+0x32590a]
V  [jvm.dll+0x324fd4]
V  [jvm.dll+0x2a6f5a]
V  [jvm.dll+0x2a80f8]
V  [jvm.dll+0x75e241]
V  [jvm.dll+0x3341c4]
V  [jvm.dll+0x73e926]
V  [jvm.dll+0x3b7557]
V  [jvm.dll+0x3b8fe1]
C  [jli.dll+0x52fb]
C  [ucrtbase.dll+0x210b2]
C  [KERNEL32.DLL+0x17c24]
C  [ntdll.dll+0x6d4d1]


---------------  P R O C E S S  ---------------

Threads class SMR info:
_java_thread_list=0x00007ffe9f9a4ff0, length=0, elements={
}

Java Threads: ( => current thread )

Other Threads:
  0x000001f2f23d6410 GCTaskThread "GC Thread#0" [stack: 0x0000002fcb600000,0x0000002fcb700000] [id=68960]
  0x000001f2f23e73e0 ConcurrentGCThread "G1 Main Marker" [stack: 0x0000002fcb700000,0x0000002fcb800000] [id=49444]
  0x000001f2f23ea810 ConcurrentGCThread "G1 Conc#0" [stack: 0x0000002fcb800000,0x0000002fcb900000] [id=55040]

[error occurred during error reporting (printing all threads), id 0xc0000005, EXCEPTION_ACCESS_VIOLATION (0xc0000005) at pc=0x00007ffe9f197e27]

VM state: not at safepoint (not fully initialized)

VM Mutex/Monitor currently owned by a thread:  ([mutex/lock_event])
[0x000001f2f237fb40] Heap_lock - owner thread: 0x000001f2f23845a0

Heap address: 0x0000000703000000, size: 4048 MB, Compressed Oops mode: Zero based, Oop shift amount: 3
CDS archive(s) mapped at: [0x0000000000000000-0x0000000000000000-0x0000000000000000), size 0, SharedBaseAddress: 0x0000000800000000, ArchiveRelocationMode: 0.
Narrow klass base: 0x0000000000000000, Narrow klass shift: 0, Narrow klass range: 0x0

Heap:
 garbage-first heap   total 260096K, used 0K [0x0000000703000000, 0x0000000800000000)
  region size 2048K, 0 young (0K), 0 survivors (0K)
 Metaspace       used 0K, capacity 0K, committed 0K, reserved 0K
  class space    used 0K, capacity 0K, committed 0K, reserved 0K

Heap Regions: E=young(eden), S=young(survivor), O=old, HS=humongous(starts), HC=humongous(continues), CS=collection set, F=free, OA=open archive, CA=closed archive, TAMS=top-at-mark-start (previous, next)

Card table byte_map: [0x000001f2fb620000,0x000001f2fbe10000] _byte_map_base: 0x000001f2f7e08000

Marking Bits (Prev, Next): (CMBitMap*) 0x000001f2f23d6c80, (CMBitMap*) 0x000001f2f23d6cc0
 Prev Bits: [0x000001f28f000000, 0x000001f292f40000)
 Next Bits: [0x000001f292f40000, 0x000001f296e80000)

GC Heap History (0 events):
No events

Deoptimization events (0 events):
No events

Classes unloaded (0 events):
No events

Classes redefined (0 events):
No events

Internal exceptions (0 events):
No events

Events (1 events):
Event: 0.004 Loaded shared library C:\Program Files\Java\jdk-15.0.2\bin\java.dll


Dynamic libraries:
0x00007ff7fc650000 - 0x00007ff7fc65f000 	C:\Program Files\Java\jdk-15.0.2\bin\java.exe
0x00007fff17c20000 - 0x00007fff17e10000 	C:\WINDOWS\SYSTEM32\ntdll.dll
0x00007fff16b20000 - 0x00007fff16bd2000 	C:\WINDOWS\System32\KERNEL32.DLL
0x00007fff155c0000 - 0x00007fff15865000 	C:\WINDOWS\System32\KERNELBASE.dll
0x00007fff15bd0000 - 0x00007fff15cca000 	C:\WINDOWS\System32\ucrtbase.dll
0x00007ffef9e70000 - 0x00007ffef9e88000 	C:\Program Files\Java\jdk-15.0.2\bin\jli.dll
0x00007ffef9dd0000 - 0x00007ffef9de9000 	C:\Program Files\Java\jdk-15.0.2\bin\VCRUNTIME140.dll
0x00007fff178d0000 - 0x00007fff17973000 	C:\WINDOWS\System32\ADVAPI32.dll
0x00007fff17b40000 - 0x00007fff17bde000 	C:\WINDOWS\System32\msvcrt.dll
0x00007fff162d0000 - 0x00007fff16367000 	C:\WINDOWS\System32\sechost.dll
0x00007fff16010000 - 0x00007fff1612f000 	C:\WINDOWS\System32\RPCRT4.dll
0x00007fff16130000 - 0x00007fff162c4000 	C:\WINDOWS\System32\USER32.dll
0x00007ffefe250000 - 0x00007ffefe4d4000 	C:\WINDOWS\WinSxS\amd64_microsoft.windows.common-controls_6595b64144ccf1df_6.0.18362.1316_none_9e7a364fe461dbd7\COMCTL32.dll
0x00007fff14c50000 - 0x00007fff14c71000 	C:\WINDOWS\System32\win32u.dll
0x00007fff15cd0000 - 0x00007fff16007000 	C:\WINDOWS\System32\combase.dll
0x00007fff16af0000 - 0x00007fff16b16000 	C:\WINDOWS\System32\GDI32.dll
0x00007fff14c80000 - 0x00007fff14d01000 	C:\WINDOWS\System32\bcryptPrimitives.dll
0x00007fff15a30000 - 0x00007fff15bc8000 	C:\WINDOWS\System32\gdi32full.dll
0x00007fff154f0000 - 0x00007fff1558e000 	C:\WINDOWS\System32\msvcp_win.dll
0x00007fff0c050000 - 0x00007fff0c05a000 	C:\WINDOWS\SYSTEM32\VERSION.dll
0x00007fff16be0000 - 0x00007fff16c0e000 	C:\WINDOWS\System32\IMM32.DLL
0x00007fff00f90000 - 0x00007fff00f9c000 	C:\Program Files\Java\jdk-15.0.2\bin\vcruntime140_1.dll
0x00007ffed5d50000 - 0x00007ffed5de1000 	C:\Program Files\Java\jdk-15.0.2\bin\msvcp140.dll
0x00007ffe9eee0000 - 0x00007ffe9fa3e000 	C:\Program Files\Java\jdk-15.0.2\bin\server\jvm.dll
0x00007fff171c0000 - 0x00007fff171c8000 	C:\WINDOWS\System32\PSAPI.DLL
0x00007fff12880000 - 0x00007fff128a4000 	C:\WINDOWS\SYSTEM32\WINMM.dll
0x00007ffefaac0000 - 0x00007ffefaac9000 	C:\WINDOWS\SYSTEM32\WSOCK32.dll
0x00007fff16a80000 - 0x00007fff16aef000 	C:\WINDOWS\System32\WS2_32.dll
0x00007fff125c0000 - 0x00007fff125ed000 	C:\WINDOWS\SYSTEM32\winmmbase.dll
0x00007fff159e0000 - 0x00007fff15a2a000 	C:\WINDOWS\System32\cfgmgr32.dll
0x00007fff14ae0000 - 0x00007fff14af1000 	C:\WINDOWS\System32\kernel.appcore.dll
0x00007ffefa640000 - 0x00007ffefa64a000 	C:\Program Files\Java\jdk-15.0.2\bin\jimage.dll
0x00007fff00bf0000 - 0x00007fff00de4000 	C:\WINDOWS\SYSTEM32\DBGHELP.DLL
0x00007fff004a0000 - 0x00007fff004ca000 	C:\WINDOWS\SYSTEM32\dbgcore.DLL
0x00007ffef4640000 - 0x00007ffef4665000 	C:\Program Files\Java\jdk-15.0.2\bin\java.dll

dbghelp: loaded successfully - version: 4.0.5 - missing functions: none
symbol engine: initialized successfully - sym options: 0x614 - pdb path: .;C:\Program Files\Java\jdk-15.0.2\bin;C:\WINDOWS\SYSTEM32;C:\WINDOWS\WinSxS\amd64_microsoft.windows.common-controls_6595b64144ccf1df_6.0.18362.1316_none_9e7a364fe461dbd7;C:\Program Files\Java\jdk-15.0.2\bin\server

VM Arguments:
jvm_args: --enable-preview -XX:+ShowCodeDetailsInExceptionMessages -Dfile.encoding=UTF-8 
java_command: Main
java_class_path (initial): C:\Users\Kbana\AppData\Roaming\Code\User\workspaceStorage\2ac859bcbea4001860d0426f48e72130\redhat.java\jdt_ws\chessEngine_51b033dd\bin
Launcher Type: SUN_STANDARD

[Global flags]
     intx CICompilerCount                          = 12                                        {product} {ergonomic}
     uint ConcGCThreads                            = 3                                         {product} {ergonomic}
     uint G1ConcRefinementThreads                  = 13                                        {product} {ergonomic}
   size_t G1HeapRegionSize                         = 2097152                                   {product} {ergonomic}
    uintx GCDrainStackTargetSize                   = 64                                        {product} {ergonomic}
   size_t InitialHeapSize                          = 266338304                                 {product} {ergonomic}
   size_t MarkStackSize                            = 4194304                                   {product} {ergonomic}
   size_t MaxHeapSize                              = 4244635648                                {product} {ergonomic}
   size_t MinHeapDeltaBytes                        = 2097152                                   {product} {ergonomic}
   size_t MinHeapSize                              = 8388608                                   {product} {ergonomic}
    uintx NonNMethodCodeHeapSize                   = 7602480                                {pd product} {ergonomic}
    uintx NonProfiledCodeHeapSize                  = 122027880                              {pd product} {ergonomic}
    uintx ProfiledCodeHeapSize                     = 122027880                              {pd product} {ergonomic}
    uintx ReservedCodeCacheSize                    = 251658240                              {pd product} {ergonomic}
     bool SegmentedCodeCache                       = true                                      {product} {ergonomic}
     bool ShowCodeDetailsInExceptionMessages       = true                                   {manageable} {command line}
   size_t SoftMaxHeapSize                          = 4244635648                             {manageable} {ergonomic}
     bool UseCompressedClassPointers               = true                                 {lp64_product} {ergonomic}
     bool UseCompressedOops                        = true                                 {lp64_product} {ergonomic}
     bool UseG1GC                                  = true                                      {product} {ergonomic}
     bool UseLargePagesIndividualAllocation        = false                                  {pd product} {ergonomic}

Logging:
Log output configuration:
 #0: stdout all=warning uptime,level,tags
 #1: stderr all=off uptime,level,tags

Environment Variables:
JAVA_HOME=C:\Program Files\Java\jdk-15.0.2
CLASSPATH=C:\Program Files\Java\JSON\json-simple-1.1.1.jar
PATH=C:\Program Files\Common Files\Oracle\Java\javapath;C:\Program Files (x86)\Embarcadero\Studio\20.0\bin;C:\Users\Public\Documents\Embarcadero\Studio\20.0\Bpl;C:\Program Files (x86)\Embarcadero\Studio\20.0\bin64;C:\Users\Public\Documents\Embarcadero\Studio\20.0\Bpl\Win64;C:\Program Files (x86)\Common Files\Oracle\Java\javapath;C:\Windows\system32;C:\Windows;C:\Windows\System32\Wbem;C:\Windows\System32\WindowsPowerShell\v1.0\;C:\Windows\System32\OpenSSH\;C:\Program Files (x86)\NVIDIA Corporation\PhysX\Common;C:\Program Files\NVIDIA Corporation\NVIDIA NvDLISR;C:\WINDOWS\system32;C:\WINDOWS;C:\WINDOWS\System32\Wbem;C:\WINDOWS\System32\WindowsPowerShell\v1.0\;C:\WINDOWS\System32\OpenSSH\;C:\Program Files\dotnet\;C:\Program Files\Git\cmd;C:\Users\Kbana\AppData\Local\Programs\Python\Python39;C:\Users\Kbana\AppData\Local\Programs\Python\Python39\python.exe;C:\MinGW\bin;C:\MinGW\bin\g++.exe;C:\Users\Kbana\.dotnet\tools;C:\Program Files (x86)\Embarcadero\Studio\20.0\bin;C:\Users\Public\Documents\Embarcadero\Studio\20.0\Bpl;C:\Program Files (x86)\Embarcadero\Studio\20.0\bin64;C:\Users\Public\Documents\Embarcadero\Studio\20.0\Bpl\Win64;C:\Program Files (x86)\CommonFiles\Oracle\Java\javapath;C:\Windows\system32;C:\Windows;C:\Windows\System32\Wbem;C:\Windows\System32\WindowsPowerShell\v1.0\;C:\Windows\System32\OpenSSH\;C:\Program Files (x86)\NVIDIA Corporation\PhysX\Common;C:\Program Files\NVIDIA Corporation\NVIDIA NvDLISR;C:\WINDOWS\system32;C:\WINDOWS;C:\WINDOWS\System32\Wbem;C:\WINDOWS\System32\WindowsPowerShell\v1.0\;C:\WINDOWS\System32\Open;c:\users\kbana\appdata\local\programs\python\python39\Scripts;C:\Program Files\Java\jdk-15.0.2\bin;;C:\Users\Kbana\AppData\Local\Programs\Microsoft VS Code\bin
USERNAME=Kbana
LANG=en_US.UTF-8
OS=Windows_NT
PROCESSOR_IDENTIFIER=Intel64 Family 6 Model 165 Stepping 5, GenuineIntel



---------------  S Y S T E M  ---------------

OS:
 Windows 10 , 64 bit Build 18362 (10.0.18362.1316)
OS uptime: 3 days 4:37 hours

CPU: total 16 (initial active 16) (8 cores per cpu, 2 threads per core) family 6 model 165 stepping 5 microcode 0xc8, cmov, cx8, fxsr, mmx, sse, sse2, sse3, ssse3, sse4.1, sse4.2, popcnt, vzeroupper, avx, avx2, aes, clmul, erms, 3dnowpref, lzcnt, ht, tsc, tscinvbit, bmi1, bmi2, adx, fma, clflush, clflushopt

Memory: 4k page, system-wide physical 16185M (495M free)
TotalPageFile size 44549M (AvailPageFile size 86M)
current process WorkingSet (physical memory assigned to process): 10M, peak: 10M
current process commit charge ("private bytes"): 70M, peak: 324M

vm_info: Java HotSpot(TM) 64-Bit Server VM (15.0.2+7-27) for windows-amd64 JRE (15.0.2+7-27), built on Dec  7 2020 20:07:01 by "mach5one" with unknown MS VC++:1925

END.
